<?xml version="1.0" encoding="UTF-8"?>
<!-- Generated by org.testng.reporters.JUnitXMLReporter -->
<testsuite hostname="DESKTOP-ONQP60F" ignored="5" name="Test" tests="1" failures="0" timestamp="2021-10-22T20:57:21 IST" time="0.077" errors="0">
  <testcase name="ContactTest" time="0.012" classname="com.crm.contacttest.ContactTest"/>
  <testcase name="editContactTest" time="0.0" classname="com.crm.contacttest.ContactTest">
    <ignored/>
  </testcase> <!-- editContactTest -->
  <testcase name="OrgTest1" time="0.0" classname="com.crm.orgtest.OrgTest">
    <ignored/>
  </testcase> <!-- OrgTest1 -->
  <testcase name="editorgTest" time="0.0" classname="com.crm.orgtest.OrgTest">
    <ignored/>
  </testcase> <!-- editorgTest -->
  <testcase name="OrgTest" time="0.0" classname="com.crm.orgtest.OrgTest">
    <ignored/>
  </testcase> <!-- OrgTest -->
  <testcase name="modOrgTest1" time="0.0" classname="com.crm.orgtest.OrgTest">
    <ignored/>
  </testcase> <!-- modOrgTest1 -->
</testsuite> <!-- Test -->
