<?xml version="1.0" encoding="UTF-8"?>
<testng-results skipped="0" failed="1" ignored="0" total="1" passed="0">
  <reporter-output>
  </reporter-output>
  <suite name="Suite" duration-ms="2818" started-at="2021-12-17T15:01:26 IST" finished-at="2021-12-17T15:01:29 IST">
    <groups>
    </groups>
    <test name="Test" duration-ms="2818" started-at="2021-12-17T15:01:26 IST" finished-at="2021-12-17T15:01:29 IST">
      <class name="testScript.TC_16CreateContacts">
        <test-method status="FAIL" signature="createcontact()[pri:0, instance:testScript.TC_16CreateContacts@7d70d1b1]" name="createcontact" duration-ms="2765" started-at="2021-12-17T15:01:26 IST" finished-at="2021-12-17T15:01:29 IST">
          <exception class="org.openqa.selenium.SessionNotCreatedException">
            <message>
              <![CDATA[session not created: This version of ChromeDriver only supports Chrome version 93
Current browser version is 96.0.4664.110 with binary path C:\Program Files\Google\Chrome\Application\chrome.exe
Build info: version: '3.141.59', revision: 'e82be7d358', time: '2018-11-14T08:17:03'
System info: host: 'DESKTOP-ONQP60F', ip: '127.0.0.1', os.name: 'Windows 10', os.arch: 'amd64', os.version: '10.0', java.version: '1.8.0_201'
Driver info: driver.version: ChromeDriver
remote stacktrace: Backtrace:
Ordinal0 [0x0085D403+2479107]
Ordinal0 [0x007F7D51+2063697]
Ordinal0 [0x007020C8+1056968]
Ordinal0 [0x0072043A+1180730]
Ordinal0 [0x0071C355+1164117]
Ordinal0 [0x00719B7F+1153919]
Ordinal0 [0x00749CBF+1350847]
Ordinal0 [0x0074992A+1349930]
Ordinal0 [0x0074583B+1333307]
Ordinal0 [0x00721F94+1187732]
Ordinal0 [0x00722DE9+1191401]
GetHandleVerifier [0x009DF3F6+1531734]
GetHandleVerifier [0x00A8E9AE+2249998]
GetHandleVerifier [0x008E39AB+501003]
GetHandleVerifier [0x008E2A29+497033]
Ordinal0 [0x007FD11D+2085149]
Ordinal0 [0x008011C8+2101704]
Ordinal0 [0x00801302+2102018]
Ordinal0 [0x0080AA71+2140785]
BaseThreadInitThunk [0x76EDFA29+25]
RtlGetAppContainerNamedObjectPath [0x778D7A9E+286]
RtlGetAppContainerNamedObjectPath [0x778D7A6E+238]
]]>
            </message>
            <full-stacktrace>
              <![CDATA[org.openqa.selenium.SessionNotCreatedException: session not created: This version of ChromeDriver only supports Chrome version 93
Current browser version is 96.0.4664.110 with binary path C:\Program Files\Google\Chrome\Application\chrome.exe
Build info: version: '3.141.59', revision: 'e82be7d358', time: '2018-11-14T08:17:03'
System info: host: 'DESKTOP-ONQP60F', ip: '127.0.0.1', os.name: 'Windows 10', os.arch: 'amd64', os.version: '10.0', java.version: '1.8.0_201'
Driver info: driver.version: ChromeDriver
remote stacktrace: Backtrace:
Ordinal0 [0x0085D403+2479107]
Ordinal0 [0x007F7D51+2063697]
Ordinal0 [0x007020C8+1056968]
Ordinal0 [0x0072043A+1180730]
Ordinal0 [0x0071C355+1164117]
Ordinal0 [0x00719B7F+1153919]
Ordinal0 [0x00749CBF+1350847]
Ordinal0 [0x0074992A+1349930]
Ordinal0 [0x0074583B+1333307]
Ordinal0 [0x00721F94+1187732]
Ordinal0 [0x00722DE9+1191401]
GetHandleVerifier [0x009DF3F6+1531734]
GetHandleVerifier [0x00A8E9AE+2249998]
GetHandleVerifier [0x008E39AB+501003]
GetHandleVerifier [0x008E2A29+497033]
Ordinal0 [0x007FD11D+2085149]
Ordinal0 [0x008011C8+2101704]
Ordinal0 [0x00801302+2102018]
Ordinal0 [0x0080AA71+2140785]
BaseThreadInitThunk [0x76EDFA29+25]
RtlGetAppContainerNamedObjectPath [0x778D7A9E+286]
RtlGetAppContainerNamedObjectPath [0x778D7A6E+238]

at sun.reflect.NativeConstructorAccessorImpl.newInstance0(Native Method)
at sun.reflect.NativeConstructorAccessorImpl.newInstance(Unknown Source)
at sun.reflect.DelegatingConstructorAccessorImpl.newInstance(Unknown Source)
at java.lang.reflect.Constructor.newInstance(Unknown Source)
at org.openqa.selenium.remote.W3CHandshakeResponse.lambda$errorHandler$0(W3CHandshakeResponse.java:62)
at org.openqa.selenium.remote.HandshakeResponse.lambda$getResponseFunction$0(HandshakeResponse.java:30)
at org.openqa.selenium.remote.ProtocolHandshake.lambda$createSession$0(ProtocolHandshake.java:126)
at java.util.stream.ReferencePipeline$3$1.accept(Unknown Source)
at java.util.Spliterators$ArraySpliterator.tryAdvance(Unknown Source)
at java.util.stream.ReferencePipeline.forEachWithCancel(Unknown Source)
at java.util.stream.AbstractPipeline.copyIntoWithCancel(Unknown Source)
at java.util.stream.AbstractPipeline.copyInto(Unknown Source)
at java.util.stream.AbstractPipeline.wrapAndCopyInto(Unknown Source)
at java.util.stream.FindOps$FindOp.evaluateSequential(Unknown Source)
at java.util.stream.AbstractPipeline.evaluate(Unknown Source)
at java.util.stream.ReferencePipeline.findFirst(Unknown Source)
at org.openqa.selenium.remote.ProtocolHandshake.createSession(ProtocolHandshake.java:128)
at org.openqa.selenium.remote.ProtocolHandshake.createSession(ProtocolHandshake.java:74)
at org.openqa.selenium.remote.HttpCommandExecutor.execute(HttpCommandExecutor.java:136)
at org.openqa.selenium.remote.service.DriverCommandExecutor.execute(DriverCommandExecutor.java:83)
at org.openqa.selenium.remote.RemoteWebDriver.execute(RemoteWebDriver.java:552)
at org.openqa.selenium.remote.RemoteWebDriver.startSession(RemoteWebDriver.java:213)
at org.openqa.selenium.remote.RemoteWebDriver.<init>(RemoteWebDriver.java:131)
at org.openqa.selenium.chrome.ChromeDriver.<init>(ChromeDriver.java:181)
at org.openqa.selenium.chrome.ChromeDriver.<init>(ChromeDriver.java:168)
at org.openqa.selenium.chrome.ChromeDriver.<init>(ChromeDriver.java:123)
at testScript.TC_16CreateContacts.createcontact(TC_16CreateContacts.java:29)
at sun.reflect.NativeMethodAccessorImpl.invoke0(Native Method)
at sun.reflect.NativeMethodAccessorImpl.invoke(Unknown Source)
at sun.reflect.DelegatingMethodAccessorImpl.invoke(Unknown Source)
at java.lang.reflect.Method.invoke(Unknown Source)
at org.testng.internal.MethodInvocationHelper.invokeMethod(MethodInvocationHelper.java:133)
at org.testng.internal.TestInvoker.invokeMethod(TestInvoker.java:598)
at org.testng.internal.TestInvoker.invokeTestMethod(TestInvoker.java:173)
at org.testng.internal.MethodRunner.runInSequence(MethodRunner.java:46)
at org.testng.internal.TestInvoker$MethodInvocationAgent.invoke(TestInvoker.java:824)
at org.testng.internal.TestInvoker.invokeTestMethods(TestInvoker.java:146)
at org.testng.internal.TestMethodWorker.invokeTestMethods(TestMethodWorker.java:146)
at org.testng.internal.TestMethodWorker.run(TestMethodWorker.java:128)
at java.util.ArrayList.forEach(Unknown Source)
at org.testng.TestRunner.privateRun(TestRunner.java:794)
at org.testng.TestRunner.run(TestRunner.java:596)
at org.testng.SuiteRunner.runTest(SuiteRunner.java:377)
at org.testng.SuiteRunner.runSequentially(SuiteRunner.java:371)
at org.testng.SuiteRunner.privateRun(SuiteRunner.java:332)
at org.testng.SuiteRunner.run(SuiteRunner.java:276)
at org.testng.SuiteRunnerWorker.runSuite(SuiteRunnerWorker.java:53)
at org.testng.SuiteRunnerWorker.run(SuiteRunnerWorker.java:96)
at org.testng.TestNG.runSuitesSequentially(TestNG.java:1212)
at org.testng.TestNG.runSuitesLocally(TestNG.java:1134)
at org.testng.TestNG.runSuites(TestNG.java:1063)
at org.testng.TestNG.run(TestNG.java:1031)
at org.testng.remote.AbstractRemoteTestNG.run(AbstractRemoteTestNG.java:115)
at org.testng.remote.RemoteTestNG.initAndRun(RemoteTestNG.java:251)
at org.testng.remote.RemoteTestNG.main(RemoteTestNG.java:77)
]]>
            </full-stacktrace>
          </exception> <!-- org.openqa.selenium.SessionNotCreatedException -->
          <reporter-output>
          </reporter-output>
        </test-method> <!-- createcontact -->
      </class> <!-- testScript.TC_16CreateContacts -->
    </test> <!-- Test -->
  </suite> <!-- Suite -->
</testng-results>
