<?xml version="1.0" encoding="UTF-8"?>
<!-- Generated by org.testng.reporters.JUnitXMLReporter -->
<testsuite hostname="DESKTOP-ONQP60F" ignored="3" name="Default test" tests="1" failures="0" timestamp="2021-10-22T20:58:16 IST" time="0.059" errors="0">
  <testcase name="OrgTest" time="0.017" classname="com.crm.orgtest.OrgTest"/>
  <testcase name="OrgTest1" time="0.0" classname="com.crm.orgtest.OrgTest">
    <ignored/>
  </testcase> <!-- OrgTest1 -->
  <testcase name="editorgTest" time="0.0" classname="com.crm.orgtest.OrgTest">
    <ignored/>
  </testcase> <!-- editorgTest -->
  <testcase name="modOrgTest1" time="0.0" classname="com.crm.orgtest.OrgTest">
    <ignored/>
  </testcase> <!-- modOrgTest1 -->
</testsuite> <!-- Default test -->
